1759869427359	geckodriver	INFO	Listening on 127.0.0.1:50211
1759869430555	mozrunner::runner	INFO	Running command: "C:\\Program Files\\Mozilla Firefox\\firefox.exe" "--marionette" "--remote-debugging-port" "50212" "--remote-allow-hosts" "localhost" "-no-remote" "-profile" "C:\\Users\\ibrab\\AppData\\Local\\Temp\\rust_mozprofileduJbiY"
console.warn: services.settings: Ignoring preference override of remote settings server
console.warn: services.settings: Allow by setting MOZ_REMOTE_SETTINGS_DEVTOOLS=1 in the environment
Dynamically enable window occlusion 0
1759869432531	Marionette	INFO	Marionette enabled
1759869432876	Marionette	INFO	Listening on port 50227
Read port: 50227
WebDriver BiDi listening on ws://127.0.0.1:50212
1759869433119	RemoteAgent	WARN	TLS certificate errors will be ignored for this session
[GFX1-]: Calling WaitFlushedEvent::Run: is delayed: 2988
console.warn: LoginRecipes: "Falling back to a synchronous message for: https://automationplayground.com."
console.warn: LoginRecipes: "Falling back to a synchronous message for: https://automationplayground.com."
1759869459079	Marionette	INFO	Stopped listening on port 50227
Dynamically enable window occlusion 1
console.error: "Failed to fetch https://spocs.getpocket.com/user:" "NetworkError when attempting to fetch resource."
console.error: (new TypeError("NetworkError when attempting to fetch resource.", ""))
console.error: (new Error("OHTTP was configured for https://ads.mozilla.org/v1/delete_user but we couldn't fetch a valid config", "moz-src:///browser/modules/ContextId.sys.mjs", 234))
console.warn: TopSitesFeed: Failed to fetch data from MARS server: NetworkError when attempting to fetch resource.
JavaScript error: resource://gre/modules/ObliviousHTTP.sys.mjs, line 105: NS_ERROR_XPC_CANT_CONVERT_PRIMITIVE_TO_ARRAY: Cannot convert primitive JavaScript value into an array arg 2 [nsIObliviousHttpService.newChannel]
JavaScript error: resource://services-settings/RemoteSettingsClient.sys.mjs, line 102: Error: Unknown callback
